{"C:\\Users\\Administrador\\Desktop\\backend3-mocking-project\\src\\app.js": {"path":"C:\\Users\\Administrador\\Desktop\\backend3-mocking-project\\src\\app.js","statementMap":{"0":{"start":{"line":13,"column":0},"end":{"line":13,"column":16}},"1":{"start":{"line":15,"column":12},"end":{"line":15,"column":21}},"2":{"start":{"line":18,"column":0},"end":{"line":18,"column":24}},"3":{"start":{"line":21,"column":0},"end":{"line":24,"column":3}},"4":{"start":{"line":22,"column":2},"end":{"line":22,"column":42}},"5":{"start":{"line":23,"column":2},"end":{"line":23,"column":9}},"6":{"start":{"line":27,"column":0},"end":{"line":27,"column":62}},"7":{"start":{"line":30,"column":0},"end":{"line":30,"column":33}},"8":{"start":{"line":31,"column":0},"end":{"line":31,"column":35}},"9":{"start":{"line":32,"column":0},"end":{"line":32,"column":33}},"10":{"start":{"line":33,"column":0},"end":{"line":33,"column":42}},"11":{"start":{"line":34,"column":0},"end":{"line":34,"column":35}},"12":{"start":{"line":37,"column":0},"end":{"line":37,"column":22}}},"fnMap":{"0":{"name":"(anonymous_0)","decl":{"start":{"line":21,"column":8},"end":{"line":21,"column":9}},"loc":{"start":{"line":21,"column":28},"end":{"line":24,"column":1}},"line":21}},"branchMap":{},"s":{"0":3,"1":3,"2":3,"3":3,"4":18,"5":18,"6":3,"7":3,"8":3,"9":3,"10":3,"11":3,"12":3},"f":{"0":18},"b":{},"_coverageSchema":"1a1c01bbd47fc00a2c39e90264f33305004495a9","hash":"2114707d989740049d30098c86300bdf7f0271dc"}
,"C:\\Users\\Administrador\\Desktop\\backend3-mocking-project\\src\\config\\logger.js": {"path":"C:\\Users\\Administrador\\Desktop\\backend3-mocking-project\\src\\config\\logger.js","statementMap":{"0":{"start":{"line":3,"column":21},"end":{"line":14,"column":1}},"1":{"start":{"line":16,"column":0},"end":{"line":16,"column":39}},"2":{"start":{"line":18,"column":15},"end":{"line":28,"column":2}},"3":{"start":{"line":24,"column":6},"end":{"line":24,"column":51}}},"fnMap":{"0":{"name":"(anonymous_0)","decl":{"start":{"line":23,"column":26},"end":{"line":23,"column":27}},"loc":{"start":{"line":23,"column":61},"end":{"line":25,"column":5}},"line":23}},"branchMap":{},"s":{"0":3,"1":3,"2":3,"3":25},"f":{"0":25},"b":{},"_coverageSchema":"1a1c01bbd47fc00a2c39e90264f33305004495a9","hash":"5504a659ffacb11993bcd947b7dafc4c00746248"}
,"C:\\Users\\Administrador\\Desktop\\backend3-mocking-project\\src\\docs\\swagger.js": {"path":"C:\\Users\\Administrador\\Desktop\\backend3-mocking-project\\src\\docs\\swagger.js","statementMap":{"0":{"start":{"line":5,"column":26},"end":{"line":102,"column":1}},"1":{"start":{"line":104,"column":16},"end":{"line":107,"column":1}},"2":{"start":{"line":109,"column":27},"end":{"line":109,"column":48}},"3":{"start":{"line":110,"column":30},"end":{"line":110,"column":45}},"4":{"start":{"line":111,"column":30},"end":{"line":111,"column":45}}},"fnMap":{},"branchMap":{},"s":{"0":3,"1":3,"2":3,"3":3,"4":3},"f":{},"b":{},"_coverageSchema":"1a1c01bbd47fc00a2c39e90264f33305004495a9","hash":"741e1de623b0afb3a08cbad05d0dc08b67ef1a6b"}
,"C:\\Users\\Administrador\\Desktop\\backend3-mocking-project\\src\\middlewares\\auth.js": {"path":"C:\\Users\\Administrador\\Desktop\\backend3-mocking-project\\src\\middlewares\\auth.js","statementMap":{"0":{"start":{"line":5,"column":17},"end":{"line":5,"column":42}},"1":{"start":{"line":6,"column":2},"end":{"line":6,"column":73}},"2":{"start":{"line":6,"column":15},"end":{"line":6,"column":73}},"3":{"start":{"line":7,"column":16},"end":{"line":7,"column":45}},"4":{"start":{"line":9,"column":17},"end":{"line":9,"column":56}},"5":{"start":{"line":10,"column":2},"end":{"line":16,"column":3}},"6":{"start":{"line":11,"column":20},"end":{"line":11,"column":45}},"7":{"start":{"line":12,"column":4},"end":{"line":12,"column":27}},"8":{"start":{"line":13,"column":4},"end":{"line":13,"column":11}},"9":{"start":{"line":15,"column":4},"end":{"line":15,"column":54}}},"fnMap":{"0":{"name":"auth","decl":{"start":{"line":4,"column":16},"end":{"line":4,"column":20}},"loc":{"start":{"line":4,"column":37},"end":{"line":17,"column":1}},"line":4}},"branchMap":{"0":{"loc":{"start":{"line":6,"column":2},"end":{"line":6,"column":73}},"type":"if","locations":[{"start":{"line":6,"column":2},"end":{"line":6,"column":73}},{"start":{},"end":{}}],"line":6},"1":{"loc":{"start":{"line":9,"column":17},"end":{"line":9,"column":56}},"type":"binary-expr","locations":[{"start":{"line":9,"column":17},"end":{"line":9,"column":39}},{"start":{"line":9,"column":43},"end":{"line":9,"column":56}}],"line":9}},"s":{"0":15,"1":15,"2":3,"3":12,"4":12,"5":12,"6":12,"7":12,"8":12,"9":0},"f":{"0":15},"b":{"0":[3,12],"1":[12,0]},"_coverageSchema":"1a1c01bbd47fc00a2c39e90264f33305004495a9","hash":"a568b49428975de6f14c3ac8f3d1dcae12d500c9"}
,"C:\\Users\\Administrador\\Desktop\\backend3-mocking-project\\src\\middlewares\\errorHandler.js": {"path":"C:\\Users\\Administrador\\Desktop\\backend3-mocking-project\\src\\middlewares\\errorHandler.js","statementMap":{"0":{"start":{"line":6,"column":17},"end":{"line":6,"column":34}},"1":{"start":{"line":8,"column":2},"end":{"line":8,"column":41}},"2":{"start":{"line":10,"column":2},"end":{"line":12,"column":5}}},"fnMap":{"0":{"name":"errorHandler","decl":{"start":{"line":4,"column":24},"end":{"line":4,"column":36}},"loc":{"start":{"line":4,"column":58},"end":{"line":13,"column":1}},"line":4}},"branchMap":{"0":{"loc":{"start":{"line":6,"column":17},"end":{"line":6,"column":34}},"type":"binary-expr","locations":[{"start":{"line":6,"column":17},"end":{"line":6,"column":27}},{"start":{"line":6,"column":31},"end":{"line":6,"column":34}}],"line":6},"1":{"loc":{"start":{"line":8,"column":15},"end":{"line":8,"column":39}},"type":"binary-expr","locations":[{"start":{"line":8,"column":15},"end":{"line":8,"column":24}},{"start":{"line":8,"column":28},"end":{"line":8,"column":39}}],"line":8},"2":{"loc":{"start":{"line":11,"column":11},"end":{"line":11,"column":54}},"type":"binary-expr","locations":[{"start":{"line":11,"column":11},"end":{"line":11,"column":22}},{"start":{"line":11,"column":26},"end":{"line":11,"column":54}}],"line":11}},"s":{"0":0,"1":0,"2":0},"f":{"0":0},"b":{"0":[0,0],"1":[0,0],"2":[0,0]},"_coverageSchema":"1a1c01bbd47fc00a2c39e90264f33305004495a9","hash":"e59e0c8b717ccc3a1e0cc67d42da125b049c74e9"}
,"C:\\Users\\Administrador\\Desktop\\backend3-mocking-project\\src\\middlewares\\isAdmin.js": {"path":"C:\\Users\\Administrador\\Desktop\\backend3-mocking-project\\src\\middlewares\\isAdmin.js","statementMap":{"0":{"start":{"line":5,"column":15},"end":{"line":5,"column":44}},"1":{"start":{"line":7,"column":2},"end":{"line":9,"column":3}},"2":{"start":{"line":8,"column":4},"end":{"line":8,"column":65}},"3":{"start":{"line":11,"column":2},"end":{"line":11,"column":25}},"4":{"start":{"line":12,"column":2},"end":{"line":12,"column":9}}},"fnMap":{"0":{"name":"isAdmin","decl":{"start":{"line":4,"column":22},"end":{"line":4,"column":29}},"loc":{"start":{"line":4,"column":46},"end":{"line":13,"column":1}},"line":4}},"branchMap":{"0":{"loc":{"start":{"line":7,"column":2},"end":{"line":9,"column":3}},"type":"if","locations":[{"start":{"line":7,"column":2},"end":{"line":9,"column":3}},{"start":{},"end":{}}],"line":7},"1":{"loc":{"start":{"line":7,"column":6},"end":{"line":7,"column":36}},"type":"binary-expr","locations":[{"start":{"line":7,"column":6},"end":{"line":7,"column":11}},{"start":{"line":7,"column":15},"end":{"line":7,"column":36}}],"line":7}},"s":{"0":5,"1":5,"2":2,"3":3,"4":3},"f":{"0":5},"b":{"0":[2,3],"1":[5,5]},"_coverageSchema":"1a1c01bbd47fc00a2c39e90264f33305004495a9","hash":"a55d1f959d9c998804435178fff3c65c53999661"}
,"C:\\Users\\Administrador\\Desktop\\backend3-mocking-project\\src\\mocks\\mockProducts.js": {"path":"C:\\Users\\Administrador\\Desktop\\backend3-mocking-project\\src\\mocks\\mockProducts.js","statementMap":{"0":{"start":{"line":4,"column":19},"end":{"line":4,"column":21}},"1":{"start":{"line":5,"column":2},"end":{"line":12,"column":3}},"2":{"start":{"line":5,"column":15},"end":{"line":5,"column":16}},"3":{"start":{"line":6,"column":4},"end":{"line":11,"column":7}},"4":{"start":{"line":13,"column":2},"end":{"line":13,"column":18}}},"fnMap":{"0":{"name":"generateMockProducts","decl":{"start":{"line":3,"column":16},"end":{"line":3,"column":36}},"loc":{"start":{"line":3,"column":44},"end":{"line":14,"column":1}},"line":3}},"branchMap":{},"s":{"0":0,"1":0,"2":0,"3":0,"4":0},"f":{"0":0},"b":{},"_coverageSchema":"1a1c01bbd47fc00a2c39e90264f33305004495a9","hash":"edf9dd6e1d47bef8b37aca5152b4045bf35a4bab"}
,"C:\\Users\\Administrador\\Desktop\\backend3-mocking-project\\src\\mocks\\mockUsers.js": {"path":"C:\\Users\\Administrador\\Desktop\\backend3-mocking-project\\src\\mocks\\mockUsers.js","statementMap":{"0":{"start":{"line":4,"column":16},"end":{"line":4,"column":18}},"1":{"start":{"line":5,"column":2},"end":{"line":12,"column":3}},"2":{"start":{"line":5,"column":15},"end":{"line":5,"column":16}},"3":{"start":{"line":6,"column":4},"end":{"line":11,"column":7}},"4":{"start":{"line":13,"column":2},"end":{"line":13,"column":15}}},"fnMap":{"0":{"name":"generateMockUsers","decl":{"start":{"line":3,"column":16},"end":{"line":3,"column":33}},"loc":{"start":{"line":3,"column":41},"end":{"line":14,"column":1}},"line":3}},"branchMap":{},"s":{"0":0,"1":0,"2":0,"3":0,"4":0},"f":{"0":0},"b":{},"_coverageSchema":"1a1c01bbd47fc00a2c39e90264f33305004495a9","hash":"be5db494cba559a0d0e4d66659b7a06debbec40e"}
,"C:\\Users\\Administrador\\Desktop\\backend3-mocking-project\\src\\models\\AdoptionRequest.js": {"path":"C:\\Users\\Administrador\\Desktop\\backend3-mocking-project\\src\\models\\AdoptionRequest.js","statementMap":{"0":{"start":{"line":3,"column":30},"end":{"line":12,"column":24}}},"fnMap":{},"branchMap":{},"s":{"0":3},"f":{},"b":{},"_coverageSchema":"1a1c01bbd47fc00a2c39e90264f33305004495a9","hash":"e2663f2f4e927765b837e130a9438afc3ec2568d"}
,"C:\\Users\\Administrador\\Desktop\\backend3-mocking-project\\src\\models\\Pet.js": {"path":"C:\\Users\\Administrador\\Desktop\\backend3-mocking-project\\src\\models\\Pet.js","statementMap":{"0":{"start":{"line":3,"column":18},"end":{"line":13,"column":24}}},"fnMap":{},"branchMap":{},"s":{"0":3},"f":{},"b":{},"_coverageSchema":"1a1c01bbd47fc00a2c39e90264f33305004495a9","hash":"a31268fcd7fd660386ea3ff3b60a280ef547a326"}
,"C:\\Users\\Administrador\\Desktop\\backend3-mocking-project\\src\\models\\Product.js": {"path":"C:\\Users\\Administrador\\Desktop\\backend3-mocking-project\\src\\models\\Product.js","statementMap":{"0":{"start":{"line":3,"column":22},"end":{"line":8,"column":2}},"1":{"start":{"line":10,"column":16},"end":{"line":10,"column":56}}},"fnMap":{},"branchMap":{},"s":{"0":3,"1":3},"f":{},"b":{},"_coverageSchema":"1a1c01bbd47fc00a2c39e90264f33305004495a9","hash":"6a7b1a8f640b68978c5d7fe196d6e51771a0e383"}
,"C:\\Users\\Administrador\\Desktop\\backend3-mocking-project\\src\\models\\User.js": {"path":"C:\\Users\\Administrador\\Desktop\\backend3-mocking-project\\src\\models\\User.js","statementMap":{"0":{"start":{"line":3,"column":19},"end":{"line":10,"column":2}},"1":{"start":{"line":12,"column":13},"end":{"line":12,"column":47}}},"fnMap":{},"branchMap":{},"s":{"0":3,"1":3},"f":{},"b":{},"_coverageSchema":"1a1c01bbd47fc00a2c39e90264f33305004495a9","hash":"0c48a097f6a0f8860cdeee671b9796158ec84fdc"}
,"C:\\Users\\Administrador\\Desktop\\backend3-mocking-project\\src\\routes\\adoption.router.js": {"path":"C:\\Users\\Administrador\\Desktop\\backend3-mocking-project\\src\\routes\\adoption.router.js","statementMap":{"0":{"start":{"line":10,"column":15},"end":{"line":10,"column":31}},"1":{"start":{"line":49,"column":0},"end":{"line":78,"column":3}},"2":{"start":{"line":50,"column":20},"end":{"line":50,"column":60}},"3":{"start":{"line":51,"column":2},"end":{"line":54,"column":3}},"4":{"start":{"line":52,"column":4},"end":{"line":52,"column":76}},"5":{"start":{"line":53,"column":4},"end":{"line":53,"column":69}},"6":{"start":{"line":56,"column":20},"end":{"line":56,"column":28}},"7":{"start":{"line":57,"column":2},"end":{"line":77,"column":3}},"8":{"start":{"line":58,"column":16},"end":{"line":58,"column":41}},"9":{"start":{"line":59,"column":4},"end":{"line":62,"column":5}},"10":{"start":{"line":60,"column":6},"end":{"line":60,"column":72}},"11":{"start":{"line":61,"column":6},"end":{"line":61,"column":70}},"12":{"start":{"line":63,"column":4},"end":{"line":66,"column":5}},"13":{"start":{"line":64,"column":6},"end":{"line":64,"column":68}},"14":{"start":{"line":65,"column":6},"end":{"line":65,"column":89}},"15":{"start":{"line":68,"column":20},"end":{"line":71,"column":6}},"16":{"start":{"line":72,"column":4},"end":{"line":72,"column":88}},"17":{"start":{"line":73,"column":4},"end":{"line":73,"column":34}},"18":{"start":{"line":75,"column":4},"end":{"line":75,"column":62}},"19":{"start":{"line":76,"column":4},"end":{"line":76,"column":14}},"20":{"start":{"line":101,"column":0},"end":{"line":115,"column":3}},"21":{"start":{"line":102,"column":2},"end":{"line":114,"column":3}},"22":{"start":{"line":103,"column":19},"end":{"line":105,"column":26}},"23":{"start":{"line":107,"column":21},"end":{"line":109,"column":42}},"24":{"start":{"line":110,"column":4},"end":{"line":110,"column":23}},"25":{"start":{"line":112,"column":4},"end":{"line":112,"column":65}},"26":{"start":{"line":113,"column":4},"end":{"line":113,"column":14}},"27":{"start":{"line":149,"column":0},"end":{"line":171,"column":3}},"28":{"start":{"line":150,"column":2},"end":{"line":170,"column":3}},"29":{"start":{"line":151,"column":20},"end":{"line":151,"column":65}},"30":{"start":{"line":152,"column":4},"end":{"line":155,"column":5}},"31":{"start":{"line":153,"column":6},"end":{"line":153,"column":74}},"32":{"start":{"line":154,"column":6},"end":{"line":154,"column":72}},"33":{"start":{"line":156,"column":4},"end":{"line":159,"column":5}},"34":{"start":{"line":157,"column":6},"end":{"line":157,"column":81}},"35":{"start":{"line":158,"column":6},"end":{"line":158,"column":94}},"36":{"start":{"line":161,"column":4},"end":{"line":161,"column":32}},"37":{"start":{"line":162,"column":4},"end":{"line":162,"column":25}},"38":{"start":{"line":163,"column":4},"end":{"line":163,"column":93}},"39":{"start":{"line":165,"column":4},"end":{"line":165,"column":54}},"40":{"start":{"line":166,"column":4},"end":{"line":166,"column":22}},"41":{"start":{"line":168,"column":4},"end":{"line":168,"column":52}},"42":{"start":{"line":169,"column":4},"end":{"line":169,"column":14}},"43":{"start":{"line":205,"column":0},"end":{"line":226,"column":3}},"44":{"start":{"line":206,"column":2},"end":{"line":225,"column":3}},"45":{"start":{"line":207,"column":20},"end":{"line":207,"column":65}},"46":{"start":{"line":208,"column":4},"end":{"line":211,"column":5}},"47":{"start":{"line":209,"column":6},"end":{"line":209,"column":75}},"48":{"start":{"line":210,"column":6},"end":{"line":210,"column":72}},"49":{"start":{"line":212,"column":4},"end":{"line":215,"column":5}},"50":{"start":{"line":213,"column":6},"end":{"line":213,"column":82}},"51":{"start":{"line":214,"column":6},"end":{"line":214,"column":95}},"52":{"start":{"line":217,"column":4},"end":{"line":217,"column":32}},"53":{"start":{"line":218,"column":4},"end":{"line":218,"column":25}},"54":{"start":{"line":220,"column":4},"end":{"line":220,"column":55}},"55":{"start":{"line":221,"column":4},"end":{"line":221,"column":22}},"56":{"start":{"line":223,"column":4},"end":{"line":223,"column":53}},"57":{"start":{"line":224,"column":4},"end":{"line":224,"column":14}},"58":{"start":{"line":254,"column":0},"end":{"line":273,"column":3}},"59":{"start":{"line":255,"column":2},"end":{"line":272,"column":3}},"60":{"start":{"line":256,"column":20},"end":{"line":256,"column":65}},"61":{"start":{"line":257,"column":4},"end":{"line":260,"column":5}},"62":{"start":{"line":258,"column":6},"end":{"line":258,"column":75}},"63":{"start":{"line":259,"column":6},"end":{"line":259,"column":72}},"64":{"start":{"line":261,"column":4},"end":{"line":264,"column":5}},"65":{"start":{"line":262,"column":6},"end":{"line":262,"column":96}},"66":{"start":{"line":263,"column":6},"end":{"line":263,"column":91}},"67":{"start":{"line":266,"column":4},"end":{"line":266,"column":30}},"68":{"start":{"line":267,"column":4},"end":{"line":267,"column":55}},"69":{"start":{"line":268,"column":4},"end":{"line":268,"column":26}},"70":{"start":{"line":270,"column":4},"end":{"line":270,"column":53}},"71":{"start":{"line":271,"column":4},"end":{"line":271,"column":14}}},"fnMap":{"0":{"name":"(anonymous_0)","decl":{"start":{"line":49,"column":23},"end":{"line":49,"column":24}},"loc":{"start":{"line":49,"column":49},"end":{"line":78,"column":1}},"line":49},"1":{"name":"(anonymous_1)","decl":{"start":{"line":101,"column":22},"end":{"line":101,"column":23}},"loc":{"start":{"line":101,"column":48},"end":{"line":115,"column":1}},"line":101},"2":{"name":"(anonymous_2)","decl":{"start":{"line":149,"column":42},"end":{"line":149,"column":43}},"loc":{"start":{"line":149,"column":68},"end":{"line":171,"column":1}},"line":149},"3":{"name":"(anonymous_3)","decl":{"start":{"line":205,"column":41},"end":{"line":205,"column":42}},"loc":{"start":{"line":205,"column":67},"end":{"line":226,"column":1}},"line":205},"4":{"name":"(anonymous_4)","decl":{"start":{"line":254,"column":28},"end":{"line":254,"column":29}},"loc":{"start":{"line":254,"column":54},"end":{"line":273,"column":1}},"line":254}},"branchMap":{"0":{"loc":{"start":{"line":51,"column":2},"end":{"line":54,"column":3}},"type":"if","locations":[{"start":{"line":51,"column":2},"end":{"line":54,"column":3}},{"start":{},"end":{}}],"line":51},"1":{"loc":{"start":{"line":59,"column":4},"end":{"line":62,"column":5}},"type":"if","locations":[{"start":{"line":59,"column":4},"end":{"line":62,"column":5}},{"start":{},"end":{}}],"line":59},"2":{"loc":{"start":{"line":63,"column":4},"end":{"line":66,"column":5}},"type":"if","locations":[{"start":{"line":63,"column":4},"end":{"line":66,"column":5}},{"start":{},"end":{}}],"line":63},"3":{"loc":{"start":{"line":103,"column":19},"end":{"line":105,"column":26}},"type":"cond-expr","locations":[{"start":{"line":104,"column":8},"end":{"line":104,"column":10}},{"start":{"line":105,"column":8},"end":{"line":105,"column":26}}],"line":103},"4":{"loc":{"start":{"line":152,"column":4},"end":{"line":155,"column":5}},"type":"if","locations":[{"start":{"line":152,"column":4},"end":{"line":155,"column":5}},{"start":{},"end":{}}],"line":152},"5":{"loc":{"start":{"line":156,"column":4},"end":{"line":159,"column":5}},"type":"if","locations":[{"start":{"line":156,"column":4},"end":{"line":159,"column":5}},{"start":{},"end":{}}],"line":156},"6":{"loc":{"start":{"line":208,"column":4},"end":{"line":211,"column":5}},"type":"if","locations":[{"start":{"line":208,"column":4},"end":{"line":211,"column":5}},{"start":{},"end":{}}],"line":208},"7":{"loc":{"start":{"line":212,"column":4},"end":{"line":215,"column":5}},"type":"if","locations":[{"start":{"line":212,"column":4},"end":{"line":215,"column":5}},{"start":{},"end":{}}],"line":212},"8":{"loc":{"start":{"line":257,"column":4},"end":{"line":260,"column":5}},"type":"if","locations":[{"start":{"line":257,"column":4},"end":{"line":260,"column":5}},{"start":{},"end":{}}],"line":257},"9":{"loc":{"start":{"line":261,"column":4},"end":{"line":264,"column":5}},"type":"if","locations":[{"start":{"line":261,"column":4},"end":{"line":264,"column":5}},{"start":{},"end":{}}],"line":261},"10":{"loc":{"start":{"line":261,"column":8},"end":{"line":261,"column":64}},"type":"binary-expr","locations":[{"start":{"line":261,"column":8},"end":{"line":261,"column":44}},{"start":{"line":261,"column":48},"end":{"line":261,"column":64}}],"line":261}},"s":{"0":3,"1":3,"2":1,"3":1,"4":0,"5":0,"6":1,"7":1,"8":1,"9":1,"10":0,"11":0,"12":1,"13":0,"14":0,"15":1,"16":1,"17":1,"18":0,"19":0,"20":3,"21":1,"22":1,"23":1,"24":1,"25":0,"26":0,"27":3,"28":0,"29":0,"30":0,"31":0,"32":0,"33":0,"34":0,"35":0,"36":0,"37":0,"38":0,"39":0,"40":0,"41":0,"42":0,"43":3,"44":0,"45":0,"46":0,"47":0,"48":0,"49":0,"50":0,"51":0,"52":0,"53":0,"54":0,"55":0,"56":0,"57":0,"58":3,"59":1,"60":1,"61":1,"62":0,"63":0,"64":1,"65":0,"66":0,"67":1,"68":1,"69":1,"70":0,"71":0},"f":{"0":1,"1":1,"2":0,"3":0,"4":1},"b":{"0":[0,1],"1":[0,1],"2":[0,1],"3":[0,1],"4":[0,0],"5":[0,0],"6":[0,0],"7":[0,0],"8":[0,1],"9":[0,1],"10":[1,0]},"_coverageSchema":"1a1c01bbd47fc00a2c39e90264f33305004495a9","hash":"659733e63dcfcb93d4c8c04b82c0c893459de742"}
,"C:\\Users\\Administrador\\Desktop\\backend3-mocking-project\\src\\routes\\auth.router.js": {"path":"C:\\Users\\Administrador\\Desktop\\backend3-mocking-project\\src\\routes\\auth.router.js","statementMap":{"0":{"start":{"line":9,"column":15},"end":{"line":9,"column":31}},"1":{"start":{"line":10,"column":20},"end":{"line":10,"column":22}},"2":{"start":{"line":40,"column":0},"end":{"line":58,"column":3}},"3":{"start":{"line":42,"column":20},"end":{"line":42,"column":51}},"4":{"start":{"line":43,"column":2},"end":{"line":46,"column":3}},"5":{"start":{"line":44,"column":4},"end":{"line":44,"column":55}},"6":{"start":{"line":45,"column":4},"end":{"line":45,"column":69}},"7":{"start":{"line":48,"column":2},"end":{"line":57,"column":3}},"8":{"start":{"line":49,"column":55},"end":{"line":49,"column":63}},"9":{"start":{"line":50,"column":17},"end":{"line":50,"column":57}},"10":{"start":{"line":51,"column":17},"end":{"line":51,"column":84}},"11":{"start":{"line":52,"column":4},"end":{"line":52,"column":47}},"12":{"start":{"line":53,"column":4},"end":{"line":53,"column":62}},"13":{"start":{"line":55,"column":4},"end":{"line":55,"column":41}},"14":{"start":{"line":56,"column":4},"end":{"line":56,"column":14}},"15":{"start":{"line":97,"column":0},"end":{"line":129,"column":3}},"16":{"start":{"line":99,"column":20},"end":{"line":99,"column":50}},"17":{"start":{"line":100,"column":2},"end":{"line":103,"column":3}},"18":{"start":{"line":101,"column":4},"end":{"line":101,"column":54}},"19":{"start":{"line":102,"column":4},"end":{"line":102,"column":69}},"20":{"start":{"line":105,"column":2},"end":{"line":128,"column":3}},"21":{"start":{"line":106,"column":32},"end":{"line":106,"column":40}},"22":{"start":{"line":107,"column":17},"end":{"line":107,"column":46}},"23":{"start":{"line":108,"column":4},"end":{"line":111,"column":5}},"24":{"start":{"line":109,"column":6},"end":{"line":109,"column":69}},"25":{"start":{"line":110,"column":6},"end":{"line":110,"column":71}},"26":{"start":{"line":113,"column":18},"end":{"line":113,"column":63}},"27":{"start":{"line":114,"column":4},"end":{"line":117,"column":5}},"28":{"start":{"line":115,"column":6},"end":{"line":115,"column":72}},"29":{"start":{"line":116,"column":6},"end":{"line":116,"column":71}},"30":{"start":{"line":119,"column":18},"end":{"line":123,"column":5}},"31":{"start":{"line":124,"column":4},"end":{"line":124,"column":24}},"32":{"start":{"line":126,"column":4},"end":{"line":126,"column":40}},"33":{"start":{"line":127,"column":4},"end":{"line":127,"column":14}}},"fnMap":{"0":{"name":"(anonymous_0)","decl":{"start":{"line":40,"column":23},"end":{"line":40,"column":24}},"loc":{"start":{"line":40,"column":49},"end":{"line":58,"column":1}},"line":40},"1":{"name":"(anonymous_1)","decl":{"start":{"line":97,"column":22},"end":{"line":97,"column":23}},"loc":{"start":{"line":97,"column":48},"end":{"line":129,"column":1}},"line":97}},"branchMap":{"0":{"loc":{"start":{"line":43,"column":2},"end":{"line":46,"column":3}},"type":"if","locations":[{"start":{"line":43,"column":2},"end":{"line":46,"column":3}},{"start":{},"end":{}}],"line":43},"1":{"loc":{"start":{"line":100,"column":2},"end":{"line":103,"column":3}},"type":"if","locations":[{"start":{"line":100,"column":2},"end":{"line":103,"column":3}},{"start":{},"end":{}}],"line":100},"2":{"loc":{"start":{"line":108,"column":4},"end":{"line":111,"column":5}},"type":"if","locations":[{"start":{"line":108,"column":4},"end":{"line":111,"column":5}},{"start":{},"end":{}}],"line":108},"3":{"loc":{"start":{"line":114,"column":4},"end":{"line":117,"column":5}},"type":"if","locations":[{"start":{"line":114,"column":4},"end":{"line":117,"column":5}},{"start":{},"end":{}}],"line":114}},"s":{"0":3,"1":3,"2":3,"3":0,"4":0,"5":0,"6":0,"7":0,"8":0,"9":0,"10":0,"11":0,"12":0,"13":0,"14":0,"15":3,"16":0,"17":0,"18":0,"19":0,"20":0,"21":0,"22":0,"23":0,"24":0,"25":0,"26":0,"27":0,"28":0,"29":0,"30":0,"31":0,"32":0,"33":0},"f":{"0":0,"1":0},"b":{"0":[0,0],"1":[0,0],"2":[0,0],"3":[0,0]},"_coverageSchema":"1a1c01bbd47fc00a2c39e90264f33305004495a9","hash":"d7f3392368ab24cd65d84aaf60d57a9a98f17f3a"}
,"C:\\Users\\Administrador\\Desktop\\backend3-mocking-project\\src\\routes\\mocks.router.js": {"path":"C:\\Users\\Administrador\\Desktop\\backend3-mocking-project\\src\\routes\\mocks.router.js","statementMap":{"0":{"start":{"line":9,"column":15},"end":{"line":9,"column":31}},"1":{"start":{"line":27,"column":0},"end":{"line":30,"column":3}},"2":{"start":{"line":28,"column":2},"end":{"line":28,"column":32}},"3":{"start":{"line":29,"column":2},"end":{"line":29,"column":39}},"4":{"start":{"line":90,"column":0},"end":{"line":116,"column":3}},"5":{"start":{"line":91,"column":20},"end":{"line":91,"column":50}},"6":{"start":{"line":92,"column":23},"end":{"line":92,"column":56}},"7":{"start":{"line":94,"column":2},"end":{"line":97,"column":3}},"8":{"start":{"line":95,"column":4},"end":{"line":95,"column":100}},"9":{"start":{"line":96,"column":4},"end":{"line":96,"column":79}},"10":{"start":{"line":99,"column":2},"end":{"line":115,"column":3}},"11":{"start":{"line":100,"column":18},"end":{"line":100,"column":46}},"12":{"start":{"line":101,"column":21},"end":{"line":101,"column":55}},"13":{"start":{"line":103,"column":26},"end":{"line":103,"column":54}},"14":{"start":{"line":104,"column":29},"end":{"line":104,"column":63}},"15":{"start":{"line":106,"column":4},"end":{"line":106,"column":105}},"16":{"start":{"line":107,"column":4},"end":{"line":111,"column":7}},"17":{"start":{"line":113,"column":4},"end":{"line":113,"column":54}},"18":{"start":{"line":114,"column":4},"end":{"line":114,"column":66}}},"fnMap":{"0":{"name":"(anonymous_0)","decl":{"start":{"line":27,"column":16},"end":{"line":27,"column":17}},"loc":{"start":{"line":27,"column":30},"end":{"line":30,"column":1}},"line":27},"1":{"name":"(anonymous_1)","decl":{"start":{"line":90,"column":33},"end":{"line":90,"column":34}},"loc":{"start":{"line":90,"column":53},"end":{"line":116,"column":1}},"line":90}},"branchMap":{"0":{"loc":{"start":{"line":94,"column":2},"end":{"line":97,"column":3}},"type":"if","locations":[{"start":{"line":94,"column":2},"end":{"line":97,"column":3}},{"start":{},"end":{}}],"line":94},"1":{"loc":{"start":{"line":94,"column":6},"end":{"line":94,"column":45}},"type":"binary-expr","locations":[{"start":{"line":94,"column":6},"end":{"line":94,"column":22}},{"start":{"line":94,"column":26},"end":{"line":94,"column":45}}],"line":94}},"s":{"0":3,"1":3,"2":0,"3":0,"4":3,"5":0,"6":0,"7":0,"8":0,"9":0,"10":0,"11":0,"12":0,"13":0,"14":0,"15":0,"16":0,"17":0,"18":0},"f":{"0":0,"1":0},"b":{"0":[0,0],"1":[0,0]},"_coverageSchema":"1a1c01bbd47fc00a2c39e90264f33305004495a9","hash":"272c46e30b13a69d90889267a8907a69f553028c"}
,"C:\\Users\\Administrador\\Desktop\\backend3-mocking-project\\src\\routes\\pets.router.js": {"path":"C:\\Users\\Administrador\\Desktop\\backend3-mocking-project\\src\\routes\\pets.router.js","statementMap":{"0":{"start":{"line":9,"column":15},"end":{"line":9,"column":31}},"1":{"start":{"line":28,"column":0},"end":{"line":36,"column":3}},"2":{"start":{"line":29,"column":2},"end":{"line":35,"column":3}},"3":{"start":{"line":30,"column":17},"end":{"line":30,"column":56}},"4":{"start":{"line":31,"column":4},"end":{"line":31,"column":19}},"5":{"start":{"line":33,"column":4},"end":{"line":33,"column":51}},"6":{"start":{"line":34,"column":4},"end":{"line":34,"column":14}},"7":{"start":{"line":62,"column":0},"end":{"line":74,"column":3}},"8":{"start":{"line":63,"column":2},"end":{"line":73,"column":3}},"9":{"start":{"line":64,"column":16},"end":{"line":64,"column":49}},"10":{"start":{"line":65,"column":4},"end":{"line":68,"column":5}},"11":{"start":{"line":66,"column":6},"end":{"line":66,"column":61}},"12":{"start":{"line":67,"column":6},"end":{"line":67,"column":70}},"13":{"start":{"line":69,"column":4},"end":{"line":69,"column":18}},"14":{"start":{"line":71,"column":4},"end":{"line":71,"column":57}},"15":{"start":{"line":72,"column":4},"end":{"line":72,"column":14}},"16":{"start":{"line":105,"column":0},"end":{"line":120,"column":3}},"17":{"start":{"line":106,"column":20},"end":{"line":106,"column":48}},"18":{"start":{"line":107,"column":2},"end":{"line":110,"column":3}},"19":{"start":{"line":108,"column":4},"end":{"line":108,"column":62}},"20":{"start":{"line":109,"column":4},"end":{"line":109,"column":69}},"21":{"start":{"line":111,"column":2},"end":{"line":119,"column":3}},"22":{"start":{"line":112,"column":19},"end":{"line":112,"column":36}},"23":{"start":{"line":113,"column":21},"end":{"line":113,"column":40}},"24":{"start":{"line":114,"column":4},"end":{"line":114,"column":51}},"25":{"start":{"line":115,"column":4},"end":{"line":115,"column":35}},"26":{"start":{"line":117,"column":4},"end":{"line":117,"column":48}},"27":{"start":{"line":118,"column":4},"end":{"line":118,"column":14}},"28":{"start":{"line":160,"column":0},"end":{"line":182,"column":3}},"29":{"start":{"line":161,"column":20},"end":{"line":161,"column":54}},"30":{"start":{"line":162,"column":2},"end":{"line":165,"column":3}},"31":{"start":{"line":163,"column":4},"end":{"line":163,"column":67}},"32":{"start":{"line":164,"column":4},"end":{"line":164,"column":69}},"33":{"start":{"line":166,"column":2},"end":{"line":181,"column":3}},"34":{"start":{"line":167,"column":23},"end":{"line":171,"column":5}},"35":{"start":{"line":172,"column":4},"end":{"line":175,"column":5}},"36":{"start":{"line":173,"column":6},"end":{"line":173,"column":80}},"37":{"start":{"line":174,"column":6},"end":{"line":174,"column":70}},"38":{"start":{"line":176,"column":4},"end":{"line":176,"column":58}},"39":{"start":{"line":177,"column":4},"end":{"line":177,"column":25}},"40":{"start":{"line":179,"column":4},"end":{"line":179,"column":53}},"41":{"start":{"line":180,"column":4},"end":{"line":180,"column":14}},"42":{"start":{"line":210,"column":0},"end":{"line":223,"column":3}},"43":{"start":{"line":211,"column":2},"end":{"line":222,"column":3}},"44":{"start":{"line":212,"column":23},"end":{"line":212,"column":65}},"45":{"start":{"line":213,"column":4},"end":{"line":216,"column":5}},"46":{"start":{"line":214,"column":6},"end":{"line":214,"column":80}},"47":{"start":{"line":215,"column":6},"end":{"line":215,"column":70}},"48":{"start":{"line":217,"column":4},"end":{"line":217,"column":56}},"49":{"start":{"line":218,"column":4},"end":{"line":218,"column":26}},"50":{"start":{"line":220,"column":4},"end":{"line":220,"column":51}},"51":{"start":{"line":221,"column":4},"end":{"line":221,"column":14}}},"fnMap":{"0":{"name":"(anonymous_0)","decl":{"start":{"line":28,"column":16},"end":{"line":28,"column":17}},"loc":{"start":{"line":28,"column":42},"end":{"line":36,"column":1}},"line":28},"1":{"name":"(anonymous_1)","decl":{"start":{"line":62,"column":19},"end":{"line":62,"column":20}},"loc":{"start":{"line":62,"column":45},"end":{"line":74,"column":1}},"line":62},"2":{"name":"(anonymous_2)","decl":{"start":{"line":105,"column":32},"end":{"line":105,"column":33}},"loc":{"start":{"line":105,"column":58},"end":{"line":120,"column":1}},"line":105},"3":{"name":"(anonymous_3)","decl":{"start":{"line":160,"column":34},"end":{"line":160,"column":35}},"loc":{"start":{"line":160,"column":60},"end":{"line":182,"column":1}},"line":160},"4":{"name":"(anonymous_4)","decl":{"start":{"line":210,"column":37},"end":{"line":210,"column":38}},"loc":{"start":{"line":210,"column":63},"end":{"line":223,"column":1}},"line":210}},"branchMap":{"0":{"loc":{"start":{"line":65,"column":4},"end":{"line":68,"column":5}},"type":"if","locations":[{"start":{"line":65,"column":4},"end":{"line":68,"column":5}},{"start":{},"end":{}}],"line":65},"1":{"loc":{"start":{"line":107,"column":2},"end":{"line":110,"column":3}},"type":"if","locations":[{"start":{"line":107,"column":2},"end":{"line":110,"column":3}},{"start":{},"end":{}}],"line":107},"2":{"loc":{"start":{"line":162,"column":2},"end":{"line":165,"column":3}},"type":"if","locations":[{"start":{"line":162,"column":2},"end":{"line":165,"column":3}},{"start":{},"end":{}}],"line":162},"3":{"loc":{"start":{"line":172,"column":4},"end":{"line":175,"column":5}},"type":"if","locations":[{"start":{"line":172,"column":4},"end":{"line":175,"column":5}},{"start":{},"end":{}}],"line":172},"4":{"loc":{"start":{"line":213,"column":4},"end":{"line":216,"column":5}},"type":"if","locations":[{"start":{"line":213,"column":4},"end":{"line":216,"column":5}},{"start":{},"end":{}}],"line":213}},"s":{"0":3,"1":3,"2":2,"3":2,"4":2,"5":0,"6":0,"7":3,"8":1,"9":1,"10":1,"11":0,"12":0,"13":1,"14":0,"15":0,"16":3,"17":1,"18":1,"19":0,"20":0,"21":1,"22":1,"23":1,"24":1,"25":1,"26":0,"27":0,"28":3,"29":1,"30":1,"31":0,"32":0,"33":1,"34":1,"35":1,"36":0,"37":0,"38":1,"39":1,"40":0,"41":0,"42":3,"43":1,"44":1,"45":1,"46":0,"47":0,"48":1,"49":1,"50":0,"51":0},"f":{"0":2,"1":1,"2":1,"3":1,"4":1},"b":{"0":[0,1],"1":[0,1],"2":[0,1],"3":[0,1],"4":[0,1]},"_coverageSchema":"1a1c01bbd47fc00a2c39e90264f33305004495a9","hash":"39c0c80d34e42082a0a9dd5dfd71512341b12c49"}
,"C:\\Users\\Administrador\\Desktop\\backend3-mocking-project\\src\\routes\\users.router.js": {"path":"C:\\Users\\Administrador\\Desktop\\backend3-mocking-project\\src\\routes\\users.router.js","statementMap":{"0":{"start":{"line":8,"column":15},"end":{"line":8,"column":31}},"1":{"start":{"line":42,"column":0},"end":{"line":54,"column":3}},"2":{"start":{"line":43,"column":2},"end":{"line":53,"column":3}},"3":{"start":{"line":44,"column":17},"end":{"line":44,"column":66}},"4":{"start":{"line":45,"column":4},"end":{"line":48,"column":5}},"5":{"start":{"line":46,"column":6},"end":{"line":46,"column":56}},"6":{"start":{"line":47,"column":6},"end":{"line":47,"column":70}},"7":{"start":{"line":49,"column":4},"end":{"line":49,"column":19}},"8":{"start":{"line":51,"column":4},"end":{"line":51,"column":60}},"9":{"start":{"line":52,"column":4},"end":{"line":52,"column":14}},"10":{"start":{"line":98,"column":0},"end":{"line":121,"column":3}},"11":{"start":{"line":99,"column":20},"end":{"line":99,"column":55}},"12":{"start":{"line":100,"column":2},"end":{"line":103,"column":3}},"13":{"start":{"line":101,"column":4},"end":{"line":101,"column":67}},"14":{"start":{"line":102,"column":4},"end":{"line":102,"column":69}},"15":{"start":{"line":105,"column":2},"end":{"line":120,"column":3}},"16":{"start":{"line":106,"column":20},"end":{"line":110,"column":25}},"17":{"start":{"line":111,"column":4},"end":{"line":114,"column":5}},"18":{"start":{"line":112,"column":6},"end":{"line":112,"column":70}},"19":{"start":{"line":113,"column":6},"end":{"line":113,"column":70}},"20":{"start":{"line":115,"column":4},"end":{"line":115,"column":55}},"21":{"start":{"line":116,"column":4},"end":{"line":116,"column":22}},"22":{"start":{"line":118,"column":4},"end":{"line":118,"column":53}},"23":{"start":{"line":119,"column":4},"end":{"line":119,"column":14}},"24":{"start":{"line":157,"column":0},"end":{"line":165,"column":3}},"25":{"start":{"line":158,"column":2},"end":{"line":164,"column":3}},"26":{"start":{"line":159,"column":18},"end":{"line":159,"column":55}},"27":{"start":{"line":160,"column":4},"end":{"line":160,"column":20}},"28":{"start":{"line":162,"column":4},"end":{"line":162,"column":50}},"29":{"start":{"line":163,"column":4},"end":{"line":163,"column":14}},"30":{"start":{"line":184,"column":0},"end":{"line":197,"column":3}},"31":{"start":{"line":185,"column":2},"end":{"line":196,"column":3}},"32":{"start":{"line":186,"column":16},"end":{"line":186,"column":54}},"33":{"start":{"line":187,"column":4},"end":{"line":190,"column":5}},"34":{"start":{"line":188,"column":6},"end":{"line":188,"column":68}},"35":{"start":{"line":189,"column":6},"end":{"line":189,"column":70}},"36":{"start":{"line":191,"column":4},"end":{"line":191,"column":49}},"37":{"start":{"line":192,"column":4},"end":{"line":192,"column":26}},"38":{"start":{"line":194,"column":4},"end":{"line":194,"column":51}},"39":{"start":{"line":195,"column":4},"end":{"line":195,"column":14}}},"fnMap":{"0":{"name":"(anonymous_0)","decl":{"start":{"line":42,"column":24},"end":{"line":42,"column":25}},"loc":{"start":{"line":42,"column":50},"end":{"line":54,"column":1}},"line":42},"1":{"name":"(anonymous_1)","decl":{"start":{"line":98,"column":24},"end":{"line":98,"column":25}},"loc":{"start":{"line":98,"column":50},"end":{"line":121,"column":1}},"line":98},"2":{"name":"(anonymous_2)","decl":{"start":{"line":157,"column":22},"end":{"line":157,"column":23}},"loc":{"start":{"line":157,"column":48},"end":{"line":165,"column":1}},"line":157},"3":{"name":"(anonymous_3)","decl":{"start":{"line":184,"column":27},"end":{"line":184,"column":28}},"loc":{"start":{"line":184,"column":53},"end":{"line":197,"column":1}},"line":184}},"branchMap":{"0":{"loc":{"start":{"line":45,"column":4},"end":{"line":48,"column":5}},"type":"if","locations":[{"start":{"line":45,"column":4},"end":{"line":48,"column":5}},{"start":{},"end":{}}],"line":45},"1":{"loc":{"start":{"line":100,"column":2},"end":{"line":103,"column":3}},"type":"if","locations":[{"start":{"line":100,"column":2},"end":{"line":103,"column":3}},{"start":{},"end":{}}],"line":100},"2":{"loc":{"start":{"line":111,"column":4},"end":{"line":114,"column":5}},"type":"if","locations":[{"start":{"line":111,"column":4},"end":{"line":114,"column":5}},{"start":{},"end":{}}],"line":111},"3":{"loc":{"start":{"line":187,"column":4},"end":{"line":190,"column":5}},"type":"if","locations":[{"start":{"line":187,"column":4},"end":{"line":190,"column":5}},{"start":{},"end":{}}],"line":187}},"s":{"0":3,"1":3,"2":1,"3":1,"4":1,"5":0,"6":0,"7":1,"8":0,"9":0,"10":3,"11":1,"12":1,"13":0,"14":0,"15":1,"16":1,"17":1,"18":0,"19":0,"20":1,"21":1,"22":0,"23":0,"24":3,"25":1,"26":1,"27":1,"28":0,"29":0,"30":3,"31":1,"32":1,"33":1,"34":0,"35":0,"36":1,"37":1,"38":0,"39":0},"f":{"0":1,"1":1,"2":1,"3":1},"b":{"0":[0,1],"1":[0,1],"2":[0,1],"3":[0,1]},"_coverageSchema":"1a1c01bbd47fc00a2c39e90264f33305004495a9","hash":"7f601172611667b3369abb89512782e3e312b510"}
,"C:\\Users\\Administrador\\Desktop\\backend3-mocking-project\\src\\utils\\validators.js": {"path":"C:\\Users\\Administrador\\Desktop\\backend3-mocking-project\\src\\utils\\validators.js","statementMap":{"0":{"start":{"line":5,"column":28},"end":{"line":10,"column":2}},"1":{"start":{"line":12,"column":27},"end":{"line":15,"column":2}},"2":{"start":{"line":18,"column":25},"end":{"line":26,"column":2}},"3":{"start":{"line":29,"column":31},"end":{"line":37,"column":9}},"4":{"start":{"line":40,"column":37},"end":{"line":42,"column":2}},"5":{"start":{"line":45,"column":32},"end":{"line":50,"column":9}}},"fnMap":{},"branchMap":{},"s":{"0":3,"1":3,"2":3,"3":3,"4":3,"5":3},"f":{},"b":{},"_coverageSchema":"1a1c01bbd47fc00a2c39e90264f33305004495a9","hash":"50bf3198da5be4cd202de81d0af9f8e379f09290"}
}
