TN:
SF:src\app.js
FN:21,(anonymous_0)
FNF:1
FNH:1
FNDA:18,(anonymous_0)
DA:13,3
DA:15,3
DA:18,3
DA:21,3
DA:22,18
DA:23,18
DA:27,3
DA:30,3
DA:31,3
DA:32,3
DA:33,3
DA:34,3
DA:37,3
LF:13
LH:13
BRF:0
BRH:0
end_of_record
TN:
SF:src\config\logger.js
FN:23,(anonymous_0)
FNF:1
FNH:1
FNDA:25,(anonymous_0)
DA:3,3
DA:16,3
DA:18,3
DA:24,25
LF:4
LH:4
BRF:0
BRH:0
end_of_record
TN:
SF:src\docs\swagger.js
FNF:0
FNH:0
DA:5,3
DA:104,3
DA:109,3
DA:110,3
DA:111,3
LF:5
LH:5
BRF:0
BRH:0
end_of_record
TN:
SF:src\middlewares\auth.js
FN:4,auth
FNF:1
FNH:1
FNDA:15,auth
DA:5,15
DA:6,15
DA:7,12
DA:9,12
DA:10,12
DA:11,12
DA:12,12
DA:13,12
DA:15,0
LF:9
LH:8
BRDA:6,0,0,3
BRDA:6,0,1,12
BRDA:9,1,0,12
BRDA:9,1,1,0
BRF:4
BRH:3
end_of_record
TN:
SF:src\middlewares\errorHandler.js
FN:4,errorHandler
FNF:1
FNH:0
FNDA:0,errorHandler
DA:6,0
DA:8,0
DA:10,0
LF:3
LH:0
BRDA:6,0,0,0
BRDA:6,0,1,0
BRDA:8,1,0,0
BRDA:8,1,1,0
BRDA:11,2,0,0
BRDA:11,2,1,0
BRF:6
BRH:0
end_of_record
TN:
SF:src\middlewares\isAdmin.js
FN:4,isAdmin
FNF:1
FNH:1
FNDA:5,isAdmin
DA:5,5
DA:7,5
DA:8,2
DA:11,3
DA:12,3
LF:5
LH:5
BRDA:7,0,0,2
BRDA:7,0,1,3
BRDA:7,1,0,5
BRDA:7,1,1,5
BRF:4
BRH:4
end_of_record
TN:
SF:src\mocks\mockProducts.js
FN:3,generateMockProducts
FNF:1
FNH:0
FNDA:0,generateMockProducts
DA:4,0
DA:5,0
DA:6,0
DA:13,0
LF:4
LH:0
BRF:0
BRH:0
end_of_record
TN:
SF:src\mocks\mockUsers.js
FN:3,generateMockUsers
FNF:1
FNH:0
FNDA:0,generateMockUsers
DA:4,0
DA:5,0
DA:6,0
DA:13,0
LF:4
LH:0
BRF:0
BRH:0
end_of_record
TN:
SF:src\models\AdoptionRequest.js
FNF:0
FNH:0
DA:3,3
LF:1
LH:1
BRF:0
BRH:0
end_of_record
TN:
SF:src\models\Pet.js
FNF:0
FNH:0
DA:3,3
LF:1
LH:1
BRF:0
BRH:0
end_of_record
TN:
SF:src\models\Product.js
FNF:0
FNH:0
DA:3,3
DA:10,3
LF:2
LH:2
BRF:0
BRH:0
end_of_record
TN:
SF:src\models\User.js
FNF:0
FNH:0
DA:3,3
DA:12,3
LF:2
LH:2
BRF:0
BRH:0
end_of_record
TN:
SF:src\routes\adoption.router.js
FN:49,(anonymous_0)
FN:101,(anonymous_1)
FN:149,(anonymous_2)
FN:205,(anonymous_3)
FN:254,(anonymous_4)
FNF:5
FNH:3
FNDA:1,(anonymous_0)
FNDA:1,(anonymous_1)
FNDA:0,(anonymous_2)
FNDA:0,(anonymous_3)
FNDA:1,(anonymous_4)
DA:10,3
DA:49,3
DA:50,1
DA:51,1
DA:52,0
DA:53,0
DA:56,1
DA:57,1
DA:58,1
DA:59,1
DA:60,0
DA:61,0
DA:63,1
DA:64,0
DA:65,0
DA:68,1
DA:72,1
DA:73,1
DA:75,0
DA:76,0
DA:101,3
DA:102,1
DA:103,1
DA:107,1
DA:110,1
DA:112,0
DA:113,0
DA:149,3
DA:150,0
DA:151,0
DA:152,0
DA:153,0
DA:154,0
DA:156,0
DA:157,0
DA:158,0
DA:161,0
DA:162,0
DA:163,0
DA:165,0
DA:166,0
DA:168,0
DA:169,0
DA:205,3
DA:206,0
DA:207,0
DA:208,0
DA:209,0
DA:210,0
DA:212,0
DA:213,0
DA:214,0
DA:217,0
DA:218,0
DA:220,0
DA:221,0
DA:223,0
DA:224,0
DA:254,3
DA:255,1
DA:256,1
DA:257,1
DA:258,0
DA:259,0
DA:261,1
DA:262,0
DA:263,0
DA:266,1
DA:267,1
DA:268,1
DA:270,0
DA:271,0
LF:72
LH:27
BRDA:51,0,0,0
BRDA:51,0,1,1
BRDA:59,1,0,0
BRDA:59,1,1,1
BRDA:63,2,0,0
BRDA:63,2,1,1
BRDA:103,3,0,0
BRDA:103,3,1,1
BRDA:152,4,0,0
BRDA:152,4,1,0
BRDA:156,5,0,0
BRDA:156,5,1,0
BRDA:208,6,0,0
BRDA:208,6,1,0
BRDA:212,7,0,0
BRDA:212,7,1,0
BRDA:257,8,0,0
BRDA:257,8,1,1
BRDA:261,9,0,0
BRDA:261,9,1,1
BRDA:261,10,0,1
BRDA:261,10,1,0
BRF:22
BRH:7
end_of_record
TN:
SF:src\routes\auth.router.js
FN:40,(anonymous_0)
FN:97,(anonymous_1)
FNF:2
FNH:0
FNDA:0,(anonymous_0)
FNDA:0,(anonymous_1)
DA:9,3
DA:10,3
DA:40,3
DA:42,0
DA:43,0
DA:44,0
DA:45,0
DA:48,0
DA:49,0
DA:50,0
DA:51,0
DA:52,0
DA:53,0
DA:55,0
DA:56,0
DA:97,3
DA:99,0
DA:100,0
DA:101,0
DA:102,0
DA:105,0
DA:106,0
DA:107,0
DA:108,0
DA:109,0
DA:110,0
DA:113,0
DA:114,0
DA:115,0
DA:116,0
DA:119,0
DA:124,0
DA:126,0
DA:127,0
LF:34
LH:4
BRDA:43,0,0,0
BRDA:43,0,1,0
BRDA:100,1,0,0
BRDA:100,1,1,0
BRDA:108,2,0,0
BRDA:108,2,1,0
BRDA:114,3,0,0
BRDA:114,3,1,0
BRF:8
BRH:0
end_of_record
TN:
SF:src\routes\mocks.router.js
FN:27,(anonymous_0)
FN:90,(anonymous_1)
FNF:2
FNH:0
FNDA:0,(anonymous_0)
FNDA:0,(anonymous_1)
DA:9,3
DA:27,3
DA:28,0
DA:29,0
DA:90,3
DA:91,0
DA:92,0
DA:94,0
DA:95,0
DA:96,0
DA:99,0
DA:100,0
DA:101,0
DA:103,0
DA:104,0
DA:106,0
DA:107,0
DA:113,0
DA:114,0
LF:19
LH:3
BRDA:94,0,0,0
BRDA:94,0,1,0
BRDA:94,1,0,0
BRDA:94,1,1,0
BRF:4
BRH:0
end_of_record
TN:
SF:src\routes\pets.router.js
FN:28,(anonymous_0)
FN:62,(anonymous_1)
FN:105,(anonymous_2)
FN:160,(anonymous_3)
FN:210,(anonymous_4)
FNF:5
FNH:5
FNDA:2,(anonymous_0)
FNDA:1,(anonymous_1)
FNDA:1,(anonymous_2)
FNDA:1,(anonymous_3)
FNDA:1,(anonymous_4)
DA:9,3
DA:28,3
DA:29,2
DA:30,2
DA:31,2
DA:33,0
DA:34,0
DA:62,3
DA:63,1
DA:64,1
DA:65,1
DA:66,0
DA:67,0
DA:69,1
DA:71,0
DA:72,0
DA:105,3
DA:106,1
DA:107,1
DA:108,0
DA:109,0
DA:111,1
DA:112,1
DA:113,1
DA:114,1
DA:115,1
DA:117,0
DA:118,0
DA:160,3
DA:161,1
DA:162,1
DA:163,0
DA:164,0
DA:166,1
DA:167,1
DA:172,1
DA:173,0
DA:174,0
DA:176,1
DA:177,1
DA:179,0
DA:180,0
DA:210,3
DA:211,1
DA:212,1
DA:213,1
DA:214,0
DA:215,0
DA:217,1
DA:218,1
DA:220,0
DA:221,0
LF:52
LH:32
BRDA:65,0,0,0
BRDA:65,0,1,1
BRDA:107,1,0,0
BRDA:107,1,1,1
BRDA:162,2,0,0
BRDA:162,2,1,1
BRDA:172,3,0,0
BRDA:172,3,1,1
BRDA:213,4,0,0
BRDA:213,4,1,1
BRF:10
BRH:5
end_of_record
TN:
SF:src\routes\users.router.js
FN:42,(anonymous_0)
FN:98,(anonymous_1)
FN:157,(anonymous_2)
FN:184,(anonymous_3)
FNF:4
FNH:4
FNDA:1,(anonymous_0)
FNDA:1,(anonymous_1)
FNDA:1,(anonymous_2)
FNDA:1,(anonymous_3)
DA:8,3
DA:42,3
DA:43,1
DA:44,1
DA:45,1
DA:46,0
DA:47,0
DA:49,1
DA:51,0
DA:52,0
DA:98,3
DA:99,1
DA:100,1
DA:101,0
DA:102,0
DA:105,1
DA:106,1
DA:111,1
DA:112,0
DA:113,0
DA:115,1
DA:116,1
DA:118,0
DA:119,0
DA:157,3
DA:158,1
DA:159,1
DA:160,1
DA:162,0
DA:163,0
DA:184,3
DA:185,1
DA:186,1
DA:187,1
DA:188,0
DA:189,0
DA:191,1
DA:192,1
DA:194,0
DA:195,0
LF:40
LH:24
BRDA:45,0,0,0
BRDA:45,0,1,1
BRDA:100,1,0,0
BRDA:100,1,1,1
BRDA:111,2,0,0
BRDA:111,2,1,1
BRDA:187,3,0,0
BRDA:187,3,1,1
BRF:8
BRH:4
end_of_record
TN:
SF:src\utils\validators.js
FNF:0
FNH:0
DA:5,3
DA:12,3
DA:18,3
DA:29,3
DA:40,3
DA:45,3
LF:6
LH:6
BRF:0
BRH:0
end_of_record
